app/build/outputs/logs/manifest-merger-debug-report.txt
-- Merging decision tree log ---
manifest
ADDED from src/main/AndroidManifest.xml:2:1-94:12
	package
		ADDED from src/main/AndroidManifest.xml:3:5-34
		INJECTED from src/main/AndroidManifest.xml
		INJECTED from src/main/AndroidManifest.xml
	android:versionName
		INJECTED from src/main/AndroidManifest.xml
		INJECTED from src/main/AndroidManifest.xml
	xmlns:android
		ADDED from src/main/AndroidManifest.xml:2:11-69
	android:versionCode
		INJECTED from src/main/AndroidManifest.xml
		INJECTED from src/main/AndroidManifest.xml
application
ADDED from src/main/AndroidManifest.xml:5:5-92:19
MERGED from [com.android.support.constraint:constraint-layout:1.0.0-alpha3] AndroidManifest.xml:9:5-20
MERGED from [com.android.support:design:23.4.0] AndroidManifest.xml:22:5-20
MERGED from [com.android.support:support-v4:23.4.0] AndroidManifest.xml:22:5-20
MERGED from [com.android.support:appcompat-v7:23.4.0] AndroidManifest.xml:25:5-20
MERGED from [com.android.support:animated-vector-drawable:23.4.0] AndroidManifest.xml:7:5-20
MERGED from [com.android.support:support-vector-drawable:23.4.0] AndroidManifest.xml:7:5-20
	android:label
		ADDED from src/main/AndroidManifest.xml:8:9-41
	android:supportsRtl
		ADDED from src/main/AndroidManifest.xml:9:9-35
	android:allowBackup
		ADDED from src/main/AndroidManifest.xml:6:9-35
	android:icon
		ADDED from src/main/AndroidManifest.xml:7:9-43
	android:theme
		ADDED from src/main/AndroidManifest.xml:10:9-40
activity#com.andromap33.mcms.Introduction
ADDED from src/main/AndroidManifest.xml:12:9-18:20
	android:name
		ADDED from src/main/AndroidManifest.xml:12:19-47
intent-filter#android.intent.action.MAIN+android.intent.category.LAUNCHER
ADDED from src/main/AndroidManifest.xml:13:13-17:29
action#android.intent.action.MAIN
ADDED from src/main/AndroidManifest.xml:14:17-69
	android:name
		ADDED from src/main/AndroidManifest.xml:14:25-66
category#android.intent.category.LAUNCHER
ADDED from src/main/AndroidManifest.xml:16:17-77
	android:name
		ADDED from src/main/AndroidManifest.xml:16:27-74
activity#com.andromap33.mcms.MainActivity
ADDED from src/main/AndroidManifest.xml:20:9-29:20
	android:label
		ADDED from src/main/AndroidManifest.xml:22:13-56
	android:theme
		ADDED from src/main/AndroidManifest.xml:23:13-56
	android:name
		ADDED from src/main/AndroidManifest.xml:21:13-41
intent-filter#android.intent.action.HOME_ACTIVITY+android.intent.category.DEFAULT
ADDED from src/main/AndroidManifest.xml:24:13-28:29
action#android.intent.action.HOME_ACTIVITY
ADDED from src/main/AndroidManifest.xml:25:17-78
	android:name
		ADDED from src/main/AndroidManifest.xml:25:25-75
category#android.intent.category.DEFAULT
ADDED from src/main/AndroidManifest.xml:27:17-76
	android:name
		ADDED from src/main/AndroidManifest.xml:27:27-73
activity#com.andromap33.mcms.ResidentsList
ADDED from src/main/AndroidManifest.xml:31:9-39:20
	android:label
		ADDED from src/main/AndroidManifest.xml:33:13-51
	android:name
		ADDED from src/main/AndroidManifest.xml:32:13-42
intent-filter#android.intent.action.ResidentsList_ACTIVITY+android.intent.category.DEFAULT
ADDED from src/main/AndroidManifest.xml:34:13-38:29
action#android.intent.action.ResidentsList_ACTIVITY
ADDED from src/main/AndroidManifest.xml:35:17-87
	android:name
		ADDED from src/main/AndroidManifest.xml:35:25-84
activity#com.andromap33.mcms.ViewOrders
ADDED from src/main/AndroidManifest.xml:41:9-49:20
	android:label
		ADDED from src/main/AndroidManifest.xml:43:13-48
	android:name
		ADDED from src/main/AndroidManifest.xml:42:13-39
intent-filter#android.intent.action.ViewOrders_ACTIVITY+android.intent.category.DEFAULT
ADDED from src/main/AndroidManifest.xml:44:13-48:29
action#android.intent.action.ViewOrders_ACTIVITY
ADDED from src/main/AndroidManifest.xml:45:17-84
	android:name
		ADDED from src/main/AndroidManifest.xml:45:25-81
activity#com.andromap33.mcms.AddTodayMenu
ADDED from src/main/AndroidManifest.xml:51:9-59:20
	android:label
		ADDED from src/main/AndroidManifest.xml:53:13-47
	android:name
		ADDED from src/main/AndroidManifest.xml:52:13-41
intent-filter#android.intent.action.AddTodayMenu_ACTIVITY+android.intent.category.DEFAULT
ADDED from src/main/AndroidManifest.xml:54:13-58:29
action#android.intent.action.AddTodayMenu_ACTIVITY
ADDED from src/main/AndroidManifest.xml:55:17-86
	android:name
		ADDED from src/main/AndroidManifest.xml:55:25-83
activity#com.andromap33.mcms.AddNewResident
ADDED from src/main/AndroidManifest.xml:61:9-69:20
	android:label
		ADDED from src/main/AndroidManifest.xml:63:13-45
	android:name
		ADDED from src/main/AndroidManifest.xml:62:13-43
intent-filter#android.intent.action.AddNewResident_ACTIVITY+android.intent.category.DEFAULT
ADDED from src/main/AndroidManifest.xml:64:13-68:29
action#android.intent.action.AddNewResident_ACTIVITY
ADDED from src/main/AndroidManifest.xml:65:17-88
	android:name
		ADDED from src/main/AndroidManifest.xml:65:25-85
activity#com.andromap33.mcms.ResidentDetailedActivity
ADDED from src/main/AndroidManifest.xml:71:9-79:20
	android:label
		ADDED from src/main/AndroidManifest.xml:73:13-45
	android:name
		ADDED from src/main/AndroidManifest.xml:72:13-53
intent-filter#android.intent.action.ResidentDetailedActivity_ACTIVITY+android.intent.category.DEFAULT
ADDED from src/main/AndroidManifest.xml:74:13-78:29
action#android.intent.action.ResidentDetailedActivity_ACTIVITY
ADDED from src/main/AndroidManifest.xml:75:17-98
	android:name
		ADDED from src/main/AndroidManifest.xml:75:25-95
activity#com.andromap33.mcms.AddNewEntry
ADDED from src/main/AndroidManifest.xml:81:9-89:20
	android:label
		ADDED from src/main/AndroidManifest.xml:83:13-42
	android:name
		ADDED from src/main/AndroidManifest.xml:82:13-40
intent-filter#android.intent.action.AddNewEntry_ACTIVITY+android.intent.category.DEFAULT
ADDED from src/main/AndroidManifest.xml:84:13-88:29
action#android.intent.action.AddNewEntry_ACTIVITY
ADDED from src/main/AndroidManifest.xml:85:17-85
	android:name
		ADDED from src/main/AndroidManifest.xml:85:25-82
uses-sdk
INJECTED from src/main/AndroidManifest.xml reason: use-sdk injection requested
MERGED from [com.android.support.constraint:constraint-layout:1.0.0-alpha3] AndroidManifest.xml:5:5-7:41
MERGED from [com.android.support:design:23.4.0] AndroidManifest.xml:20:5-43
MERGED from [com.android.support:recyclerview-v7:23.4.0] AndroidManifest.xml:20:5-43
MERGED from [com.android.support:support-v4:23.4.0] AndroidManifest.xml:20:5-43
MERGED from [com.android.support:appcompat-v7:23.4.0] AndroidManifest.xml:21:5-23:78
MERGED from [com.android.support:animated-vector-drawable:23.4.0] AndroidManifest.xml:5:5-44
MERGED from [com.android.support:support-vector-drawable:23.4.0] AndroidManifest.xml:5:5-43
	tools:overrideLibrary
		ADDED from [com.android.support:appcompat-v7:23.4.0] AndroidManifest.xml:23:9-75
	android:targetSdkVersion
		INJECTED from src/main/AndroidManifest.xml
		INJECTED from src/main/AndroidManifest.xml
	android:minSdkVersion
		INJECTED from src/main/AndroidManifest.xml
		INJECTED from src/main/AndroidManifest.xml